<?xml version="1.0" encoding="UTF-8"?>
<!-- Generated by org.testng.reporters.JUnitXMLReporter -->
<testsuite ignored="0" hostname="Veerendras-MBP.cust.communityfibre.co.uk" failures="2" tests="2" name="Test_All" time="2.522" errors="0" timestamp="2024-03-28T17:23:58 GMT">
  <testcase classname="com.hollandbarrett.testcases.HomePageTest" name="testBasketIcon" time="0.177">
    <failure type="java.lang.AssertionError" message="expected [https://www.hollandandbarrett.com/basket] but found [https://www.hollandandbarrett.com/]">
      <![CDATA[java.lang.AssertionError: expected [https://www.hollandandbarrett.com/basket] but found [https://www.hollandandbarrett.com/]
at com.hollandbarrett.testcases.HomePageTest.testBasketIcon(HomePageTest.java:112)
at java.base/java.util.ArrayList.forEach(ArrayList.java:1596)
at java.base/java.util.concurrent.FutureTask.run(FutureTask.java:317)
at java.base/java.util.concurrent.ThreadPoolExecutor.runWorker(ThreadPoolExecutor.java:1144)
at java.base/java.util.concurrent.ThreadPoolExecutor$Worker.run(ThreadPoolExecutor.java:642)
at java.base/java.lang.Thread.run(Thread.java:1583)
... Removed 22 stack frames]]>
    </failure>
  </testcase> <!-- testBasketIcon -->
  <testcase classname="com.hollandbarrett.testcases.HomePageTest" name="testBasketIcon" time="2.514">
    <failure type="java.lang.NullPointerException" message="Cannot invoke &amp;quot;org.openqa.selenium.TakesScreenshot.getScreenshotAs(org.openqa.selenium.OutputType)&amp;quot; because &amp;quot;ts&amp;quot; is null">
      <![CDATA[java.lang.NullPointerException: Cannot invoke "org.openqa.selenium.TakesScreenshot.getScreenshotAs(org.openqa.selenium.OutputType)" because "ts" is null
at com.hollandbarrett.base.BaseClass.getScreenshot(BaseClass.java:33)
at com.hollandbarrett.utility.Listeners.onTestFailure(Listeners.java:59)
at java.base/java.util.ArrayList.forEach(ArrayList.java:1596)
at java.base/java.util.concurrent.FutureTask.run(FutureTask.java:317)
at java.base/java.util.concurrent.ThreadPoolExecutor.runWorker(ThreadPoolExecutor.java:1144)
at java.base/java.util.concurrent.ThreadPoolExecutor$Worker.run(ThreadPoolExecutor.java:642)
at java.base/java.lang.Thread.run(Thread.java:1583)
... Removed 15 stack frames]]>
    </failure>
  </testcase> <!-- testBasketIcon -->
</testsuite> <!-- Test_All -->
